---------------------------------------
Begin PBS Prologue Mon Oct  3 10:41:54 EDT 2022
Job ID:     4986390.sched-torque.pace.gatech.edu
User ID:    fschaefer7
Job name:   reconstructing_solvers_fractional_poisson
Queue:      inferno
End PBS Prologue Mon Oct  3 10:41:54 EDT 2022
---------------------------------------

Lmod is automatically replacing "intel/19.0.5" with "gcc/8.3.0".


Lmod is automatically replacing "mvapich2/2.3.2" with "openmpi/3.1.6".

n = 1024
d = 2
s = 1.5
Running a test run in order to precompile
Computing domain hierarchy.
 24.842046 seconds (70.22 M allocations: 3.526 GiB, 10.59% gc time, 16.70% compilation time)
Computing basis functions.
 24.435538 seconds (49.00 M allocations: 8.759 GiB, 18.47% gc time, 7.09% compilation time)
Computing multicolor ordering.
522.286649 seconds (1.51 G allocations: 49.051 GiB, 2.04% gc time, 0.06% compilation time)
Measurements
Number of measurements used is 970
Reconstruction.
3755.758206 seconds (2.04 G allocations: 154.520 GiB, 6.59% gc time, 0.03% compilation time)
nrm = sum(mapslices(norm, x' * (A * x), dims = 1)) / number_trials = 0.5
Beginning run with rho=4.0
ρ = 4.0
Computing domain hierarchy.
 19.528870 seconds (60.73 M allocations: 3.030 GiB, 5.78% gc time)
Computing basis functions.
 22.788999 seconds (45.40 M allocations: 8.499 GiB, 19.42% gc time)
Computing multicolor ordering.
521.800852 seconds (1.51 G allocations: 49.018 GiB, 2.11% gc time)
Measurements
Number of measurements used is 970
Reconstruction.
3996.550415 seconds (2.03 G allocations: 153.638 GiB, 12.29% gc time)
nrm = sum(mapslices(norm, x' * (A * x), dims = 1)) / number_trials = 0.5
Beginning run with rho=5.0
ρ = 5.0
Computing domain hierarchy.
 19.131905 seconds (60.73 M allocations: 3.030 GiB, 3.05% gc time)
Computing basis functions.
 20.877770 seconds (45.40 M allocations: 8.566 GiB, 9.64% gc time)
Computing multicolor ordering.
723.800417 seconds (2.36 G allocations: 73.780 GiB, 2.12% gc time)
Measurements
Number of measurements used is 1473
Reconstruction.
6147.262268 seconds (3.09 G allocations: 248.235 GiB, 27.68% gc time)
nrm = sum(mapslices(norm, x' * (A * x), dims = 1)) / number_trials = 0.5
Beginning run with rho=6.0
ρ = 6.0
Computing domain hierarchy.
 18.393805 seconds (60.73 M allocations: 3.030 GiB)
Computing basis functions.
 20.461244 seconds (45.40 M allocations: 8.566 GiB, 5.38% gc time)
Computing multicolor ordering.
953.780635 seconds (3.38 G allocations: 106.740 GiB, 2.27% gc time)
Measurements
Number of measurements used is 1902
Reconstruction.
7913.112084 seconds (3.99 G allocations: 311.473 GiB, 32.69% gc time)
nrm = sum(mapslices(norm, x' * (A * x), dims = 1)) / number_trials = 0.5
Beginning run with rho=7.0
ρ = 7.0
Computing domain hierarchy.
 18.299190 seconds (60.73 M allocations: 3.030 GiB)
Computing basis functions.
 20.385902 seconds (45.40 M allocations: 8.566 GiB, 7.55% gc time)
Computing multicolor ordering.
1224.582611 seconds (4.60 G allocations: 149.048 GiB, 2.25% gc time)
Measurements
Number of measurements used is 2577
Reconstruction.
9912.432221 seconds (5.40 G allocations: 416.943 GiB, 37.23% gc time)
nrm = sum(mapslices(norm, x' * (A * x), dims = 1)) / number_trials = 0.5
Beginning run with rho=8.0
ρ = 8.0
Computing domain hierarchy.
 18.520012 seconds (60.73 M allocations: 3.030 GiB)
Computing basis functions.
 19.424028 seconds (45.40 M allocations: 8.566 GiB)
Computing multicolor ordering.
1505.881870 seconds (6.00 G allocations: 190.149 GiB, 2.28% gc time)
Measurements
Number of measurements used is 3101
Reconstruction.
11832.034763 seconds (6.50 G allocations: 498.819 GiB, 39.72% gc time)
nrm = sum(mapslices(norm, x' * (A * x), dims = 1)) / number_trials = 0.5000000000000001
Beginning run with rho=9.0
ρ = 9.0
Computing domain hierarchy.
 25.262956 seconds (60.73 M allocations: 3.027 GiB, 27.71% gc time)
Computing basis functions.
 44.588249 seconds (45.40 M allocations: 8.453 GiB, 59.27% gc time)
Computing multicolor ordering.
1815.712322 seconds (7.59 G allocations: 236.429 GiB, 4.88% gc time)
Measurements
Number of measurements used is 3768
Reconstruction.
12463.127584 seconds (7.90 G allocations: 603.039 GiB, 35.59% gc time)
nrm = sum(mapslices(norm, x' * (A * x), dims = 1)) / number_trials = 0.5
Beginning run with rho=10.0
ρ = 10.0
Computing domain hierarchy.
 24.454645 seconds (60.73 M allocations: 3.027 GiB, 26.67% gc time)
Computing basis functions.
 45.562782 seconds (45.40 M allocations: 8.453 GiB, 60.42% gc time)
Computing multicolor ordering.
2152.137464 seconds (9.37 G allocations: 297.833 GiB, 5.34% gc time)
Measurements
Number of measurements used is 4775
Reconstruction.
14666.771972 seconds (10.01 G allocations: 760.384 GiB, 37.96% gc time)
30818.234744 seconds (17.14 M allocations: 117.591 GiB, 0.09% gc time)
nrm = sum(mapslices(norm, x' * (A * x), dims = 1)) / number_trials = 0.5
---------------------------------------
Begin PBS Epilogue Wed Oct  5 03:49:56 EDT 2022
Job ID:     4986390.sched-torque.pace.gatech.edu
User ID:    fschaefer7
Job name:   reconstructing_solvers_fractional_poisson
Resources:  nodes=1:ppn=24,pmem=31gb,walltime=72:00:00,neednodes=1:ppn=24
Rsrc Used:  cput=65:17:29,vmem=523075800kb,walltime=41:08:02,mem=452867424kb,energy_used=0
Queue:      inferno
Nodes:     
atl1-1-03-004-16-l.pace.gatech.edu
End PBS Epilogue Wed Oct  5 03:49:56 EDT 2022
---------------------------------------
---------------------------------------
Begin PBS Prologue Mon Oct 10 15:11:41 EDT 2022
Job ID:     5023233.sched-torque.pace.gatech.edu
User ID:    fschaefer7
Job name:   reconstructing_solvers_fractional_poisson
Queue:      inferno
End PBS Prologue Mon Oct 10 15:11:41 EDT 2022
---------------------------------------

Lmod is automatically replacing "intel/19.0.5" with "gcc/8.3.0".


Lmod is automatically replacing "mvapich2/2.3.2" with "openmpi/3.1.6".

---------------------------------------
Begin PBS Prologue Tue Oct 11 00:30:45 EDT 2022
Job ID:     5023234.sched-torque.pace.gatech.edu
User ID:    fschaefer7
Job name:   reconstructing_solvers_fractional_poisson
Queue:      inferno
End PBS Prologue Tue Oct 11 00:30:45 EDT 2022
---------------------------------------

Lmod is automatically replacing "intel/19.0.5" with "gcc/8.3.0".


Lmod is automatically replacing "mvapich2/2.3.2" with "openmpi/3.1.6".

/var/spool/torque/mom_priv/jobs/5023233.sched-torque.pace.gatech.edu.SC: line 18: 227728 Killed                  julia --threads=24 --project=. ./src/vary_rho_fractional_poisson.jl --n $N --d $D --s $S
---------------------------------------
Begin PBS Epilogue Thu Oct 13 04:38:52 EDT 2022
Job ID:     5023233.sched-torque.pace.gatech.edu
User ID:    fschaefer7
Job name:   reconstructing_solvers_fractional_poisson
Resources:  nodes=1:ppn=24,pmem=31gb,walltime=72:00:00,neednodes=1:ppn=24
Rsrc Used:  cput=109:40:15,vmem=889139804kb,walltime=61:27:11,mem=766286476kb,energy_used=0
Queue:      inferno
Nodes:     
atl1-1-02-003-22-r.pace.gatech.edu
End PBS Epilogue Thu Oct 13 04:38:52 EDT 2022
---------------------------------------
=>> PBS: job killed: walltime 259220 exceeded limit 259200

signal (15): Terminated
in expression starting at /storage/home/hcoda1/0/fschaefer7/Research/compressing_solvers_code/src/vary_rho_fractional_poisson.jl:68
pthread_cond_wait at /lib64/libpthread.so.0 (unknown line)
uv_cond_wait at /workspace/srcdir/libuv/src/unix/thread.c:847
ijl_task_get_next at /storage/coda1/pace-admins/manual/src/julia/julia-1.8.0/src/partr.c:594
poptask at ./task.jl:921
wait at ./task.jl:930
task_done_hook at ./task.jl:634
jfptr_task_done_hook_52648 at /storage/pace-apps/manual/packages/julia/1.8.0/gcc-8.3.0/lib/julia/sys.so (unknown line)
_jl_invoke at /storage/coda1/pace-admins/manual/src/julia/julia-1.8.0/src/gf.c:2367 [inlined]
ijl_apply_generic at /storage/coda1/pace-admins/manual/src/julia/julia-1.8.0/src/gf.c:2549
jl_apply at /storage/coda1/pace-admins/manual/src/julia/julia-1.8.0/src/julia.h:1838 [inlined]
jl_finish_task at /storage/coda1/pace-admins/manual/src/julia/julia-1.8.0/src/task.c:254
jl_threadfun at /storage/coda1/pace-admins/manual/src/julia/julia-1.8.0/src/partr.c:305
start_thread at /lib64/libpthread.so.0 (unknown line)
clone at /lib64/libc.so.6 (unknown line)
unknown function (ip: (nil))
pthread_cond_wait at /lib64/libpthread.so.0 (unknown line)
uv_cond_wait at /workspace/srcdir/libuv/src/unix/thread.c:847
ijl_task_get_next at /storage/coda1/pace-admins/manual/src/julia/julia-1.8.0/src/partr.c:594
poptask at ./task.jl:921
wait at ./task.jl:930
task_done_hook at ./task.jl:634
jfptr_task_done_hook_52648 at /storage/pace-apps/manual/packages/julia/1.8.0/gcc-8.3.0/lib/julia/sys.so (unknown line)
_jl_invoke at /storage/coda1/pace-admins/manual/src/julia/julia-1.8.0/src/gf.c:2367 [inlined]
ijl_apply_generic at /storage/coda1/pace-admins/manual/src/julia/julia-1.8.0/src/gf.c:2549
jl_apply at /storage/coda1/pace-admins/manual/src/julia/julia-1.8.0/src/julia.h:1838 [inlined]
jl_finish_task at /storage/coda1/pace-admins/manual/src/julia/julia-1.8.0/src/task.c:254
jl_threadfun at /storage/coda1/pace-admins/manual/src/julia/julia-1.8.0/src/partr.c:305
start_thread at /lib64/libpthread.so.0 (unknown line)
clone at /lib64/libc.so.6 (unknown line)
unknown function (ip: (nil))
pthread_cond_wait at /lib64/libpthread.so.0 (unknown line)
uv_cond_wait at /workspace/srcdir/libuv/src/unix/thread.c:847
ijl_task_get_next at /storage/coda1/pace-admins/manual/src/julia/julia-1.8.0/src/partr.c:594
poptask at ./task.jl:921
wait at ./task.jl:930
task_done_hook at ./task.jl:634
jfptr_task_done_hook_52648 at /storage/pace-apps/manual/packages/julia/1.8.0/gcc-8.3.0/lib/julia/sys.so (unknown line)
_jl_invoke at /storage/coda1/pace-admins/manual/src/julia/julia-1.8.0/src/gf.c:2367 [inlined]
ijl_apply_generic at /storage/coda1/pace-admins/manual/src/julia/julia-1.8.0/src/gf.c:2549
jl_apply at /storage/coda1/pace-admins/manual/src/julia/julia-1.8.0/src/julia.h:1838 [inlined]
jl_finish_task at /storage/coda1/pace-admins/manual/src/julia/julia-1.8.0/src/task.c:254
jl_threadfun at /storage/coda1/pace-admins/manual/src/julia/julia-1.8.0/src/partr.c:305
start_thread at /lib64/libpthread.so.0 (unknown line)
clone at /lib64/libc.so.6 (unknown line)
unknown function (ip: (nil))
pthread_cond_wait at /lib64/libpthread.so.0 (unknown line)
uv_cond_wait at /workspace/srcdir/libuv/src/unix/thread.c:847
ijl_task_get_next at /storage/coda1/pace-admins/manual/src/julia/julia-1.8.0/src/partr.c:594
poptask at ./task.jl:921
wait at ./task.jl:930
task_done_hook at ./task.jl:634
jfptr_task_done_hook_52648 at /storage/pace-apps/manual/packages/julia/1.8.0/gcc-8.3.0/lib/julia/sys.so (unknown line)
_jl_invoke at /storage/coda1/pace-admins/manual/src/julia/julia-1.8.0/src/gf.c:2367 [inlined]
ijl_apply_generic at /storage/coda1/pace-admins/manual/src/julia/julia-1.8.0/src/gf.c:2549
jl_apply at /storage/coda1/pace-admins/manual/src/julia/julia-1.8.0/src/julia.h:1838 [inlined]
jl_finish_task at /storage/coda1/pace-admins/manual/src/julia/julia-1.8.0/src/task.c:254
jl_threadfun at /storage/coda1/pace-admins/manual/src/julia/julia-1.8.0/src/partr.c:305
start_thread at /lib64/libpthread.so.0 (unknown line)
clone at /lib64/libc.so.6 (unknown line)
unknown function (ip: (nil))
pthread_cond_wait at /lib64/libpthread.so.0 (unknown line)
uv_cond_wait at /workspace/srcdir/libuv/src/unix/thread.c:847
ijl_task_get_next at /storage/coda1/pace-admins/manual/src/julia/julia-1.8.0/src/partr.c:594
poptask at ./task.jl:921
wait at ./task.jl:930
task_done_hook at ./task.jl:634
jfptr_task_done_hook_52648 at /storage/pace-apps/manual/packages/julia/1.8.0/gcc-8.3.0/lib/julia/sys.so (unknown line)
_jl_invoke at /storage/coda1/pace-admins/manual/src/julia/julia-1.8.0/src/gf.c:2367 [inlined]
ijl_apply_generic at /storage/coda1/pace-admins/manual/src/julia/julia-1.8.0/src/gf.c:2549
jl_apply at /storage/coda1/pace-admins/manual/src/julia/julia-1.8.0/src/julia.h:1838 [inlined]
jl_finish_task at /storage/coda1/pace-admins/manual/src/julia/julia-1.8.0/src/task.c:254
jl_threadfun at /storage/coda1/pace-admins/manual/src/julia/julia-1.8.0/src/partr.c:305
start_thread at /lib64/libpthread.so.0 (unknown line)
clone at /lib64/libc.so.6 (unknown line)
unknown function (ip: (nil))
pthread_cond_wait at /lib64/libpthread.so.0 (unknown line)
uv_cond_wait at /workspace/srcdir/libuv/src/unix/thread.c:847
ijl_task_get_next at /storage/coda1/pace-admins/manual/src/julia/julia-1.8.0/src/partr.c:594
poptask at ./task.jl:921
wait at ./task.jl:930
task_done_hook at ./task.jl:634
jfptr_task_done_hook_52648 at /storage/pace-apps/manual/packages/julia/1.8.0/gcc-8.3.0/lib/julia/sys.so (unknown line)
_jl_invoke at /storage/coda1/pace-admins/manual/src/julia/julia-1.8.0/src/gf.c:2367 [inlined]
ijl_apply_generic at /storage/coda1/pace-admins/manual/src/julia/julia-1.8.0/src/gf.c:2549
jl_apply at /storage/coda1/pace-admins/manual/src/julia/julia-1.8.0/src/julia.h:1838 [inlined]
jl_finish_task at /storage/coda1/pace-admins/manual/src/julia/julia-1.8.0/src/task.c:254
jl_threadfun at /storage/coda1/pace-admins/manual/src/julia/julia-1.8.0/src/partr.c:305
start_thread at /lib64/libpthread.so.0 (unknown line)
clone at /lib64/libc.so.6 (unknown line)
unknown function (ip: (nil))
pthread_cond_wait at /lib64/libpthread.so.0 (unknown line)
uv_cond_wait at /workspace/srcdir/libuv/src/unix/thread.c:847
ijl_task_get_next at /storage/coda1/pace-admins/manual/src/julia/julia-1.8.0/src/partr.c:594
poptask at ./task.jl:921
wait at ./task.jl:930
task_done_hook at ./task.jl:634
jfptr_task_done_hook_52648 at /storage/pace-apps/manual/packages/julia/1.8.0/gcc-8.3.0/lib/julia/sys.so (unknown line)
_jl_invoke at /storage/coda1/pace-admins/manual/src/julia/julia-1.8.0/src/gf.c:2367 [inlined]
ijl_apply_generic at /storage/coda1/pace-admins/manual/src/julia/julia-1.8.0/src/gf.c:2549
jl_apply at /storage/coda1/pace-admins/manual/src/julia/julia-1.8.0/src/julia.h:1838 [inlined]
jl_finish_task at /storage/coda1/pace-admins/manual/src/julia/julia-1.8.0/src/task.c:254
jl_threadfun at /storage/coda1/pace-admins/manual/src/julia/julia-1.8.0/src/partr.c:305
start_thread at /lib64/libpthread.so.0 (unknown line)
clone at /lib64/libc.so.6 (unknown line)
unknown function (ip: (nil))
pthread_cond_wait at /lib64/libpthread.so.0 (unknown line)
uv_cond_wait at /workspace/srcdir/libuv/src/unix/thread.c:847
ijl_task_get_next at /storage/coda1/pace-admins/manual/src/julia/julia-1.8.0/src/partr.c:594
poptask at ./task.jl:921
wait at ./task.jl:930
task_done_hook at ./task.jl:634
jfptr_task_done_hook_52648 at /storage/pace-apps/manual/packages/julia/1.8.0/gcc-8.3.0/lib/julia/sys.so (unknown line)
_jl_invoke at /storage/coda1/pace-admins/manual/src/julia/julia-1.8.0/src/gf.c:2367 [inlined]
ijl_apply_generic at /storage/coda1/pace-admins/manual/src/julia/julia-1.8.0/src/gf.c:2549
jl_apply at /storage/coda1/pace-admins/manual/src/julia/julia-1.8.0/src/julia.h:1838 [inlined]
jl_finish_task at /storage/coda1/pace-admins/manual/src/julia/julia-1.8.0/src/task.c:254
jl_threadfun at /storage/coda1/pace-admins/manual/src/julia/julia-1.8.0/src/partr.c:305
start_thread at /lib64/libpthread.so.0 (unknown line)
clone at /lib64/libc.so.6 (unknown line)
unknown function (ip: (nil))
pthread_cond_wait at /lib64/libpthread.so.0 (unknown line)
uv_cond_wait at /workspace/srcdir/libuv/src/unix/thread.c:847
ijl_task_get_next at /storage/coda1/pace-admins/manual/src/julia/julia-1.8.0/src/partr.c:594
poptask at ./task.jl:921
wait at ./task.jl:930
task_done_hook at ./task.jl:634
jfptr_task_done_hook_52648 at /storage/pace-apps/manual/packages/julia/1.8.0/gcc-8.3.0/lib/julia/sys.so (unknown line)
_jl_invoke at /storage/coda1/pace-admins/manual/src/julia/julia-1.8.0/src/gf.c:2367 [inlined]
ijl_apply_generic at /storage/coda1/pace-admins/manual/src/julia/julia-1.8.0/src/gf.c:2549
jl_apply at /storage/coda1/pace-admins/manual/src/julia/julia-1.8.0/src/julia.h:1838 [inlined]
jl_finish_task at /storage/coda1/pace-admins/manual/src/julia/julia-1.8.0/src/task.c:254
jl_threadfun at /storage/coda1/pace-admins/manual/src/julia/julia-1.8.0/src/partr.c:305
start_thread at /lib64/libpthread.so.0 (unknown line)
clone at /lib64/libc.so.6 (unknown line)
unknown function (ip: (nil))
pthread_cond_wait at /lib64/libpthread.so.0 (unknown line)
uv_cond_wait at /workspace/srcdir/libuv/src/unix/thread.c:847
ijl_task_get_next at /storage/coda1/pace-admins/manual/src/julia/julia-1.8.0/src/partr.c:594
poptask at ./task.jl:921
wait at ./task.jl:930
task_done_hook at ./task.jl:634
jfptr_task_done_hook_52648 at /storage/pace-apps/manual/packages/julia/1.8.0/gcc-8.3.0/lib/julia/sys.so (unknown line)
_jl_invoke at /storage/coda1/pace-admins/manual/src/julia/julia-1.8.0/src/gf.c:2367 [inlined]
ijl_apply_generic at /storage/coda1/pace-admins/manual/src/julia/julia-1.8.0/src/gf.c:2549
jl_apply at /storage/coda1/pace-admins/manual/src/julia/julia-1.8.0/src/julia.h:1838 [inlined]
jl_finish_task at /storage/coda1/pace-admins/manual/src/julia/julia-1.8.0/src/task.c:254
jl_threadfun at /storage/coda1/pace-admins/manual/src/julia/julia-1.8.0/src/partr.c:305
start_thread at /lib64/libpthread.so.0 (unknown line)
clone at /lib64/libc.so.6 (unknown line)
unknown function (ip: (nil))
pthread_cond_wait at /lib64/libpthread.so.0 (unknown line)
uv_cond_wait at /workspace/srcdir/libuv/src/unix/thread.c:847
ijl_task_get_next at /storage/coda1/pace-admins/manual/src/julia/julia-1.8.0/src/partr.c:594
poptask at ./task.jl:921
wait at ./task.jl:930
task_done_hook at ./task.jl:634
jfptr_task_done_hook_52648 at /storage/pace-apps/manual/packages/julia/1.8.0/gcc-8.3.0/lib/julia/sys.so (unknown line)
_jl_invoke at /storage/coda1/pace-admins/manual/src/julia/julia-1.8.0/src/gf.c:2367 [inlined]
ijl_apply_generic at /storage/coda1/pace-admins/manual/src/julia/julia-1.8.0/src/gf.c:2549
jl_apply at /storage/coda1/pace-admins/manual/src/julia/julia-1.8.0/src/julia.h:1838 [inlined]
jl_finish_task at /storage/coda1/pace-admins/manual/src/julia/julia-1.8.0/src/task.c:254
jl_threadfun at /storage/coda1/pace-admins/manual/src/julia/julia-1.8.0/src/partr.c:305
start_thread at /lib64/libpthread.so.0 (unknown line)
clone at /lib64/libc.so.6 (unknown line)
unknown function (ip: (nil))
pthread_cond_wait at /lib64/libpthread.so.0 (unknown line)
uv_cond_wait at /workspace/srcdir/libuv/src/unix/thread.c:847
ijl_task_get_next at /storage/coda1/pace-admins/manual/src/julia/julia-1.8.0/src/partr.c:594
poptask at ./task.jl:921
wait at ./task.jl:930
task_done_hook at ./task.jl:634
jfptr_task_done_hook_52648 at /storage/pace-apps/manual/packages/julia/1.8.0/gcc-8.3.0/lib/julia/sys.so (unknown line)
_jl_invoke at /storage/coda1/pace-admins/manual/src/julia/julia-1.8.0/src/gf.c:2367 [inlined]
ijl_apply_generic at /storage/coda1/pace-admins/manual/src/julia/julia-1.8.0/src/gf.c:2549
jl_apply at /storage/coda1/pace-admins/manual/src/julia/julia-1.8.0/src/julia.h:1838 [inlined]
jl_finish_task at /storage/coda1/pace-admins/manual/src/julia/julia-1.8.0/src/task.c:254
jl_threadfun at /storage/coda1/pace-admins/manual/src/julia/julia-1.8.0/src/partr.c:305
start_thread at /lib64/libpthread.so.0 (unknown line)
clone at /lib64/libc.so.6 (unknown line)
unknown function (ip: (nil))
pthread_cond_wait at /lib64/libpthread.so.0 (unknown line)
uv_cond_wait at /workspace/srcdir/libuv/src/unix/thread.c:847
ijl_task_get_next at /storage/coda1/pace-admins/manual/src/julia/julia-1.8.0/src/partr.c:594
poptask at ./task.jl:921
wait at ./task.jl:930
task_done_hook at ./task.jl:634
jfptr_task_done_hook_52648 at /storage/pace-apps/manual/packages/julia/1.8.0/gcc-8.3.0/lib/julia/sys.so (unknown line)
_jl_invoke at /storage/coda1/pace-admins/manual/src/julia/julia-1.8.0/src/gf.c:2367 [inlined]
ijl_apply_generic at /storage/coda1/pace-admins/manual/src/julia/julia-1.8.0/src/gf.c:2549
jl_apply at /storage/coda1/pace-admins/manual/src/julia/julia-1.8.0/src/julia.h:1838 [inlined]
jl_finish_task at /storage/coda1/pace-admins/manual/src/julia/julia-1.8.0/src/task.c:254
jl_threadfun at /storage/coda1/pace-admins/manual/src/julia/julia-1.8.0/src/partr.c:305
start_thread at /lib64/libpthread.so.0 (unknown line)
clone at /lib64/libc.so.6 (unknown line)
unknown function (ip: (nil))
pthread_cond_wait at /lib64/libpthread.so.0 (unknown line)
uv_cond_wait at /workspace/srcdir/libuv/src/unix/thread.c:847
ijl_task_get_next at /storage/coda1/pace-admins/manual/src/julia/julia-1.8.0/src/partr.c:594
poptask at ./task.jl:921
wait at ./task.jl:930
task_done_hook at ./task.jl:634
jfptr_task_done_hook_52648 at /storage/pace-apps/manual/packages/julia/1.8.0/gcc-8.3.0/lib/julia/sys.so (unknown line)
_jl_invoke at /storage/coda1/pace-admins/manual/src/julia/julia-1.8.0/src/gf.c:2367 [inlined]
ijl_apply_generic at /storage/coda1/pace-admins/manual/src/julia/julia-1.8.0/src/gf.c:2549
jl_apply at /storage/coda1/pace-admins/manual/src/julia/julia-1.8.0/src/julia.h:1838 [inlined]
jl_finish_task at /storage/coda1/pace-admins/manual/src/julia/julia-1.8.0/src/task.c:254
jl_threadfun at /storage/coda1/pace-admins/manual/src/julia/julia-1.8.0/src/partr.c:305
start_thread at /lib64/libpthread.so.0 (unknown line)
clone at /lib64/libc.so.6 (unknown line)
unknown function (ip: (nil))
pthread_cond_wait at /lib64/libpthread.so.0 (unknown line)
uv_cond_wait at /workspace/srcdir/libuv/src/unix/thread.c:847
ijl_task_get_next at /storage/coda1/pace-admins/manual/src/julia/julia-1.8.0/src/partr.c:594
poptask at ./task.jl:921
wait at ./task.jl:930
task_done_hook at ./task.jl:634
jfptr_task_done_hook_52648 at /storage/pace-apps/manual/packages/julia/1.8.0/gcc-8.3.0/lib/julia/sys.so (unknown line)
_jl_invoke at /storage/coda1/pace-admins/manual/src/julia/julia-1.8.0/src/gf.c:2367 [inlined]
ijl_apply_generic at /storage/coda1/pace-admins/manual/src/julia/julia-1.8.0/src/gf.c:2549
jl_apply at /storage/coda1/pace-admins/manual/src/julia/julia-1.8.0/src/julia.h:1838 [inlined]
jl_finish_task at /storage/coda1/pace-admins/manual/src/julia/julia-1.8.0/src/task.c:254
jl_threadfun at /storage/coda1/pace-admins/manual/src/julia/julia-1.8.0/src/partr.c:305
start_thread at /lib64/libpthread.so.0 (unknown line)
clone at /lib64/libc.so.6 (unknown line)
unknown function (ip: (nil))
pthread_cond_wait at /lib64/libpthread.so.0 (unknown line)
uv_cond_wait at /workspace/srcdir/libuv/src/unix/thread.c:847
ijl_task_get_next at /storage/coda1/pace-admins/manual/src/julia/julia-1.8.0/src/partr.c:594
poptask at ./task.jl:921
wait at ./task.jl:930
task_done_hook at ./task.jl:634
jfptr_task_done_hook_52648 at /storage/pace-apps/manual/packages/julia/1.8.0/gcc-8.3.0/lib/julia/sys.so (unknown line)
_jl_invoke at /storage/coda1/pace-admins/manual/src/julia/julia-1.8.0/src/gf.c:2367 [inlined]
ijl_apply_generic at /storage/coda1/pace-admins/manual/src/julia/julia-1.8.0/src/gf.c:2549
jl_apply at /storage/coda1/pace-admins/manual/src/julia/julia-1.8.0/src/julia.h:1838 [inlined]
jl_finish_task at /storage/coda1/pace-admins/manual/src/julia/julia-1.8.0/src/task.c:254
jl_threadfun at /storage/coda1/pace-admins/manual/src/julia/julia-1.8.0/src/partr.c:305
start_thread at /lib64/libpthread.so.0 (unknown line)
clone at /lib64/libc.so.6 (unknown line)
unknown function (ip: (nil))
pthread_cond_wait at /lib64/libpthread.so.0 (unknown line)
uv_cond_wait at /workspace/srcdir/libuv/src/unix/thread.c:847
ijl_task_get_next at /storage/coda1/pace-admins/manual/src/julia/julia-1.8.0/src/partr.c:594
poptask at ./task.jl:921
wait at ./task.jl:930
task_done_hook at ./task.jl:634
jfptr_task_done_hook_52648 at /storage/pace-apps/manual/packages/julia/1.8.0/gcc-8.3.0/lib/julia/sys.so (unknown line)
_jl_invoke at /storage/coda1/pace-admins/manual/src/julia/julia-1.8.0/src/gf.c:2367 [inlined]
ijl_apply_generic at /storage/coda1/pace-admins/manual/src/julia/julia-1.8.0/src/gf.c:2549
jl_apply at /storage/coda1/pace-admins/manual/src/julia/julia-1.8.0/src/julia.h:1838 [inlined]
jl_finish_task at /storage/coda1/pace-admins/manual/src/julia/julia-1.8.0/src/task.c:254
jl_threadfun at /storage/coda1/pace-admins/manual/src/julia/julia-1.8.0/src/partr.c:305
start_thread at /lib64/libpthread.so.0 (unknown line)
clone at /lib64/libc.so.6 (unknown line)
unknown function (ip: (nil))
pthread_cond_wait at /lib64/libpthread.so.0 (unknown line)
uv_cond_wait at /workspace/srcdir/libuv/src/unix/thread.c:847
ijl_task_get_next at /storage/coda1/pace-admins/manual/src/julia/julia-1.8.0/src/partr.c:594
poptask at ./task.jl:921
wait at ./task.jl:930
task_done_hook at ./task.jl:634
jfptr_task_done_hook_52648 at /storage/pace-apps/manual/packages/julia/1.8.0/gcc-8.3.0/lib/julia/sys.so (unknown line)
_jl_invoke at /storage/coda1/pace-admins/manual/src/julia/julia-1.8.0/src/gf.c:2367 [inlined]
ijl_apply_generic at /storage/coda1/pace-admins/manual/src/julia/julia-1.8.0/src/gf.c:2549
jl_apply at /storage/coda1/pace-admins/manual/src/julia/julia-1.8.0/src/julia.h:1838 [inlined]
jl_finish_task at /storage/coda1/pace-admins/manual/src/julia/julia-1.8.0/src/task.c:254
jl_threadfun at /storage/coda1/pace-admins/manual/src/julia/julia-1.8.0/src/partr.c:305
start_thread at /lib64/libpthread.so.0 (unknown line)
clone at /lib64/libc.so.6 (unknown line)
unknown function (ip: (nil))
pthread_cond_wait at /lib64/libpthread.so.0 (unknown line)
uv_cond_wait at /workspace/srcdir/libuv/src/unix/thread.c:847
ijl_task_get_next at /storage/coda1/pace-admins/manual/src/julia/julia-1.8.0/src/partr.c:594
poptask at ./task.jl:921
wait at ./task.jl:930
task_done_hook at ./task.jl:634
jfptr_task_done_hook_52648 at /storage/pace-apps/manual/packages/julia/1.8.0/gcc-8.3.0/lib/julia/sys.so (unknown line)
_jl_invoke at /storage/coda1/pace-admins/manual/src/julia/julia-1.8.0/src/gf.c:2367 [inlined]
ijl_apply_generic at /storage/coda1/pace-admins/manual/src/julia/julia-1.8.0/src/gf.c:2549
jl_apply at /storage/coda1/pace-admins/manual/src/julia/julia-1.8.0/src/julia.h:1838 [inlined]
jl_finish_task at /storage/coda1/pace-admins/manual/src/julia/julia-1.8.0/src/task.c:254
jl_threadfun at /storage/coda1/pace-admins/manual/src/julia/julia-1.8.0/src/partr.c:305
start_thread at /lib64/libpthread.so.0 (unknown line)
clone at /lib64/libc.so.6 (unknown line)
unknown function (ip: (nil))
pthread_cond_wait at /lib64/libpthread.so.0 (unknown line)
uv_cond_wait at /workspace/srcdir/libuv/src/unix/thread.c:847
ijl_task_get_next at /storage/coda1/pace-admins/manual/src/julia/julia-1.8.0/src/partr.c:594
poptask at ./task.jl:921
wait at ./task.jl:930
task_done_hook at ./task.jl:634
jfptr_task_done_hook_52648 at /storage/pace-apps/manual/packages/julia/1.8.0/gcc-8.3.0/lib/julia/sys.so (unknown line)
_jl_invoke at /storage/coda1/pace-admins/manual/src/julia/julia-1.8.0/src/gf.c:2367 [inlined]
ijl_apply_generic at /storage/coda1/pace-admins/manual/src/julia/julia-1.8.0/src/gf.c:2549
jl_apply at /storage/coda1/pace-admins/manual/src/julia/julia-1.8.0/src/julia.h:1838 [inlined]
jl_finish_task at /storage/coda1/pace-admins/manual/src/julia/julia-1.8.0/src/task.c:254
jl_threadfun at /storage/coda1/pace-admins/manual/src/julia/julia-1.8.0/src/partr.c:305
start_thread at /lib64/libpthread.so.0 (unknown line)
clone at /lib64/libc.so.6 (unknown line)
unknown function (ip: (nil))
pthread_cond_wait at /lib64/libpthread.so.0 (unknown line)
uv_cond_wait at /workspace/srcdir/libuv/src/unix/thread.c:847
ijl_task_get_next at /storage/coda1/pace-admins/manual/src/julia/julia-1.8.0/src/partr.c:594
poptask at ./task.jl:921
wait at ./task.jl:930
task_done_hook at ./task.jl:634
jfptr_task_done_hook_52648 at /storage/pace-apps/manual/packages/julia/1.8.0/gcc-8.3.0/lib/julia/sys.so (unknown line)
_jl_invoke at /storage/coda1/pace-admins/manual/src/julia/julia-1.8.0/src/gf.c:2367 [inlined]
ijl_apply_generic at /storage/coda1/pace-admins/manual/src/julia/julia-1.8.0/src/gf.c:2549
jl_apply at /storage/coda1/pace-admins/manual/src/julia/julia-1.8.0/src/julia.h:1838 [inlined]
jl_finish_task at /storage/coda1/pace-admins/manual/src/julia/julia-1.8.0/src/task.c:254
jl_threadfun at /storage/coda1/pace-admins/manual/src/julia/julia-1.8.0/src/partr.c:305
start_thread at /lib64/libpthread.so.0 (unknown line)
clone at /lib64/libc.so.6 (unknown line)
unknown function (ip: (nil))
pthread_cond_wait at /lib64/libpthread.so.0 (unknown line)
uv_cond_wait at /workspace/srcdir/libuv/src/unix/thread.c:847
ijl_task_get_next at /storage/coda1/pace-admins/manual/src/julia/julia-1.8.0/src/partr.c:594
poptask at ./task.jl:921
wait at ./task.jl:930
task_done_hook at ./task.jl:634
jfptr_task_done_hook_52648 at /storage/pace-apps/manual/packages/julia/1.8.0/gcc-8.3.0/lib/julia/sys.so (unknown line)
_jl_invoke at /storage/coda1/pace-admins/manual/src/julia/julia-1.8.0/src/gf.c:2367 [inlined]
ijl_apply_generic at /storage/coda1/pace-admins/manual/src/julia/julia-1.8.0/src/gf.c:2549
jl_apply at /storage/coda1/pace-admins/manual/src/julia/julia-1.8.0/src/julia.h:1838 [inlined]
jl_finish_task at /storage/coda1/pace-admins/manual/src/julia/julia-1.8.0/src/task.c:254
jl_threadfun at /storage/coda1/pace-admins/manual/src/julia/julia-1.8.0/src/partr.c:305
start_thread at /lib64/libpthread.so.0 (unknown line)
clone at /lib64/libc.so.6 (unknown line)
unknown function (ip: (nil))
pthread_cond_wait at /lib64/libpthread.so.0 (unknown line)
uv_cond_wait at /workspace/srcdir/libuv/src/unix/thread.c:847
ijl_task_get_next at /storage/coda1/pace-admins/manual/src/julia/julia-1.8.0/src/partr.c:594
poptask at ./task.jl:921
wait at ./task.jl:930
wait at ./condition.jl:124
_trywait at ./asyncevent.jl:138
wait at ./asyncevent.jl:155 [inlined]
profile_printing_listener at /storage/coda1/pace-admins/manual/src/julia/julia-1.8.0/usr/share/julia/stdlib/v1.8/Profile/src/Profile.jl:39
#3 at ./threadingconstructs.jl:258
jfptr_YY.3_66441 at /storage/pace-apps/manual/packages/julia/1.8.0/gcc-8.3.0/lib/julia/sys.so (unknown line)
_jl_invoke at /storage/coda1/pace-admins/manual/src/julia/julia-1.8.0/src/gf.c:2367 [inlined]
ijl_apply_generic at /storage/coda1/pace-admins/manual/src/julia/julia-1.8.0/src/gf.c:2549
jl_apply at /storage/coda1/pace-admins/manual/src/julia/julia-1.8.0/src/julia.h:1838 [inlined]
start_task at /storage/coda1/pace-admins/manual/src/julia/julia-1.8.0/src/task.c:931
unknown function (ip: (nil))
mkl_spblas_avx512_dcsr1tg__f__mvout_par at /storage/home/hcoda1/0/fschaefer7/.julia/artifacts/2d1f94edf3dc251e6aa12ecd9eb371bcc2fbb8d7/lib/libmkl_avx512.so.2 (unknown line)
mkl_spblas_dcsr1tg__f__mvout_par at /storage/home/hcoda1/0/fschaefer7/.julia/artifacts/2d1f94edf3dc251e6aa12ecd9eb371bcc2fbb8d7/lib/libmkl_core.so (unknown line)
mkl_spblas_dcsr1tg__f__mvout_omp._omp_fn.11 at /storage/home/hcoda1/0/fschaefer7/.julia/artifacts/2d1f94edf3dc251e6aa12ecd9eb371bcc2fbb8d7/lib/libmkl_gnu_thread.so.2 (unknown line)
mkl_spblas_dcsr1tg__f__mvout_omp at /storage/home/hcoda1/0/fschaefer7/.julia/artifacts/2d1f94edf3dc251e6aa12ecd9eb371bcc2fbb8d7/lib/libmkl_gnu_thread.so.2 (unknown line)
mkl_spblas_mkl_dcscmv at /storage/home/hcoda1/0/fschaefer7/.julia/artifacts/2d1f94edf3dc251e6aa12ecd9eb371bcc2fbb8d7/lib/libmkl_gnu_thread.so.2 (unknown line)
mkl_dcscmv_ at /storage/home/hcoda1/0/fschaefer7/.julia/artifacts/2d1f94edf3dc251e6aa12ecd9eb371bcc2fbb8d7/lib/libmkl_intel_ilp64.so.2 (unknown line)
mkl_dcscmv at /storage/home/hcoda1/0/fschaefer7/.julia/artifacts/2d1f94edf3dc251e6aa12ecd9eb371bcc2fbb8d7/lib/libmkl_rt.so (unknown line)
cscmv! at /storage/home/hcoda1/0/fschaefer7/.julia/packages/MKLSparse/4LlPk/src/BLAS/level_2_3/generator.jl:41
mul! at /storage/home/hcoda1/0/fschaefer7/.julia/packages/MKLSparse/4LlPk/src/BLAS/level_2_3/matmul.jl:30 [inlined]
macro expansion at /storage/home/hcoda1/0/fschaefer7/.julia/packages/CompressingSolvers/F8aZj/src/reconstruction.jl:146 [inlined]
macro expansion at ./timing.jl:263 [inlined]
reconstruct at /storage/home/hcoda1/0/fschaefer7/.julia/packages/CompressingSolvers/F8aZj/src/reconstruction.jl:131
unknown function (ip: 0x2aab3668450d)
_jl_invoke at /storage/coda1/pace-admins/manual/src/julia/julia-1.8.0/src/gf.c:2367 [inlined]
ijl_apply_generic at /storage/coda1/pace-admins/manual/src/julia/julia-1.8.0/src/gf.c:2549
macro expansion at /storage/home/hcoda1/0/fschaefer7/.julia/packages/CompressingSolvers/F8aZj/src/reconstruction.jl:56 [inlined]
macro expansion at ./timing.jl:383 [inlined]
reconstruct at /storage/home/hcoda1/0/fschaefer7/.julia/packages/CompressingSolvers/F8aZj/src/reconstruction.jl:55
reconstruct at /storage/home/hcoda1/0/fschaefer7/.julia/packages/CompressingSolvers/F8aZj/src/reconstruction.jl:30
unknown function (ip: 0x2aab366423a5)
_jl_invoke at /storage/coda1/pace-admins/manual/src/julia/julia-1.8.0/src/gf.c:2367 [inlined]
ijl_apply_generic at /storage/coda1/pace-admins/manual/src/julia/julia-1.8.0/src/gf.c:2549
top-level scope at /storage/home/hcoda1/0/fschaefer7/Research/compressing_solvers_code/src/vary_rho_fractional_poisson.jl:74
jl_toplevel_eval_flex at /storage/coda1/pace-admins/manual/src/julia/julia-1.8.0/src/toplevel.c:897
jl_toplevel_eval_flex at /storage/coda1/pace-admins/manual/src/julia/julia-1.8.0/src/toplevel.c:850
ijl_toplevel_eval_in at /storage/coda1/pace-admins/manual/src/julia/julia-1.8.0/src/toplevel.c:965
eval at ./boot.jl:368 [inlined]
include_string at ./loading.jl:1428
_jl_invoke at /storage/coda1/pace-admins/manual/src/julia/julia-1.8.0/src/gf.c:2367 [inlined]
ijl_apply_generic at /storage/coda1/pace-admins/manual/src/julia/julia-1.8.0/src/gf.c:2549
_include at ./loading.jl:1488
include at ./Base.jl:419
jfptr_include_41677 at /storage/pace-apps/manual/packages/julia/1.8.0/gcc-8.3.0/lib/julia/sys.so (unknown line)
_jl_invoke at /storage/coda1/pace-admins/manual/src/julia/julia-1.8.0/src/gf.c:2367 [inlined]
ijl_apply_generic at /storage/coda1/pace-admins/manual/src/julia/julia-1.8.0/src/gf.c:2549
exec_options at ./client.jl:303
_start at ./client.jl:522
jfptr__start_52598 at /storage/pace-apps/manual/packages/julia/1.8.0/gcc-8.3.0/lib/julia/sys.so (unknown line)
_jl_invoke at /storage/coda1/pace-admins/manual/src/julia/julia-1.8.0/src/gf.c:2367 [inlined]
ijl_apply_generic at /storage/coda1/pace-admins/manual/src/julia/julia-1.8.0/src/gf.c:2549
jl_apply at /storage/coda1/pace-admins/manual/src/julia/julia-1.8.0/src/julia.h:1838 [inlined]
true_main at /storage/coda1/pace-admins/manual/src/julia/julia-1.8.0/src/jlapi.c:575
jl_repl_entrypoint at /storage/coda1/pace-admins/manual/src/julia/julia-1.8.0/src/jlapi.c:719
main at julia (unknown line)
__libc_start_main at /lib64/libc.so.6 (unknown line)
unknown function (ip: 0x400888)
unknown function (ip: (nil))
Allocations: 128487419888 (Pool: 128465223046; Big: 22196842); GC: 136275
n = 100
d = 3
s = 0.5
Running a test run in order to precompile
Computing domain hierarchy.
 61.543437 seconds (71.12 M allocations: 3.608 GiB, 3.17% gc time, 6.73% compilation time)
Computing basis functions.
 26.654223 seconds (51.65 M allocations: 10.748 GiB, 11.39% gc time, 6.61% compilation time)
Computing multicolor ordering.
3467.705274 seconds (9.75 G allocations: 312.627 GiB, 1.77% gc time, 0.01% compilation time)
Measurements
Number of measurements used is 2656
Reconstruction.
18229.493452 seconds (5.31 G allocations: 412.347 GiB, 18.11% gc time, 0.01% compilation time)
8432.130839 seconds (16.70 M allocations: 63.516 GiB, 0.29% gc time, 0.00% compilation time)
nrm = sum(mapslices(norm, x' * (A * x), dims = 1)) / number_trials = 0.5000000000004173
Beginning run with rho=3.0
ρ = 3.0
Computing domain hierarchy.
 58.388590 seconds (61.54 M allocations: 3.106 GiB, 3.09% gc time)
Computing basis functions.
 26.821855 seconds (48.08 M allocations: 10.524 GiB, 13.42% gc time)
Computing multicolor ordering.
3434.782669 seconds (9.75 G allocations: 312.593 GiB, 1.56% gc time)
Measurements
Number of measurements used is 2656
Reconstruction.
17972.845441 seconds (5.31 G allocations: 421.358 GiB, 16.91% gc time)
8429.485141 seconds (16.24 M allocations: 63.566 GiB, 0.28% gc time)
nrm = sum(mapslices(norm, x' * (A * x), dims = 1)) / number_trials = 0.5000000000004173
Beginning run with rho=4.0
ρ = 4.0
Computing domain hierarchy.
 60.981774 seconds (61.54 M allocations: 3.105 GiB, 8.89% gc time)
Computing basis functions.
 54.831433 seconds (48.08 M allocations: 10.482 GiB, 59.00% gc time)
Computing multicolor ordering.
6359.127010 seconds (23.13 G allocations: 740.366 GiB, 4.06% gc time)
Measurements
Number of measurements used is 5354
Reconstruction.
27819.703219 seconds (10.71 G allocations: 823.396 GiB, 21.50% gc time)
31359.859203 seconds (16.56 M allocations: 127.861 GiB, 0.12% gc time)
nrm = sum(mapslices(norm, x' * (A * x), dims = 1)) / number_trials = 0.5000000000004173
Beginning run with rho=5.0
ρ = 5.0
Computing domain hierarchy.
 62.726224 seconds (61.54 M allocations: 3.105 GiB, 10.61% gc time)
Computing basis functions.
 53.046107 seconds (48.08 M allocations: 10.482 GiB, 57.66% gc time)
Computing multicolor ordering.
10368.183968 seconds (45.13 G allocations: 1.453 TiB, 4.85% gc time)
Measurements
Number of measurements used is 9398
Reconstruction.
38524.678015 seconds (18.80 G allocations: 1.422 TiB, 26.56% gc time)
---------------------------------------
Begin PBS Epilogue Fri Oct 14 00:31:15 EDT 2022
Job ID:     5023234.sched-torque.pace.gatech.edu
User ID:    fschaefer7
Job name:   reconstructing_solvers_fractional_poisson
Resources:  nodes=1:ppn=24,pmem=31gb,walltime=72:00:00,neednodes=1:ppn=24
Rsrc Used:  cput=134:04:34,vmem=887352012kb,walltime=72:00:30,mem=747606812kb,energy_used=0
Queue:      inferno
Nodes:     
atl1-1-02-003-22-l.pace.gatech.edu
End PBS Epilogue Fri Oct 14 00:31:15 EDT 2022
---------------------------------------
---------------------------------------
Begin PBS Prologue Sun Oct 16 09:49:50 EDT 2022
Job ID:     5045856.sched-torque.pace.gatech.edu
User ID:    fschaefer7
Job name:   reconstructing_solvers_fractional_poisson
Queue:      inferno
End PBS Prologue Sun Oct 16 09:49:50 EDT 2022
---------------------------------------

Lmod is automatically replacing "intel/19.0.5" with "gcc/8.3.0".


Lmod is automatically replacing "mvapich2/2.3.2" with "openmpi/3.1.6".

---------------------------------------
Begin PBS Prologue Sun Oct 16 10:12:13 EDT 2022
Job ID:     5045857.sched-torque.pace.gatech.edu
User ID:    fschaefer7
Job name:   reconstructing_solvers_fractional_poisson
Queue:      inferno
End PBS Prologue Sun Oct 16 10:12:13 EDT 2022
---------------------------------------

Lmod is automatically replacing "intel/19.0.5" with "gcc/8.3.0".


Lmod is automatically replacing "mvapich2/2.3.2" with "openmpi/3.1.6".

---------------------------------------
Begin PBS Epilogue Wed Oct 19 06:23:17 EDT 2022
Job ID:     5045857.sched-torque.pace.gatech.edu
User ID:    fschaefer7
Job name:   reconstructing_solvers_fractional_poisson
Resources:  nodes=1:ppn=24,pmem=31gb,walltime=96:00:00,neednodes=1:ppn=24
Rsrc Used:  cput=117:07:25,vmem=889100788kb,walltime=68:11:05,mem=770380164kb,energy_used=0
Queue:      inferno
Nodes:     
atl1-1-02-003-20-r.pace.gatech.edu
End PBS Epilogue Wed Oct 19 06:23:17 EDT 2022
---------------------------------------
ERROR: LoadError: OutOfMemoryError()
Stacktrace:
  [1] Array
    @ ./boot.jl:471 [inlined]
  [2] Array
    @ ./boot.jl:476 [inlined]
  [3] *
    @ ~/.julia/packages/FFTW/sfy1o/src/fft.jl:765 [inlined]
  [4] fft(x::Array{ComplexF64, 4}, region::Tuple{Int64, Int64, Int64})
    @ AbstractFFTs ~/.julia/packages/AbstractFFTs/Wg2Yf/src/definitions.jl:63
  [5] fft
    @ ~/.julia/packages/AbstractFFTs/Wg2Yf/src/definitions.jl:210 [inlined]
  [6] (::CompressingSolvers.var"#ω#53"{Int64, Float64, Array{Float64, 3}, Int64})(A::Matrix{Float64})
    @ CompressingSolvers ~/.julia/packages/CompressingSolvers/F8aZj/src/uniform3d_fractional.jl:50
  [7] macro expansion
    @ ~/.julia/packages/CompressingSolvers/F8aZj/src/reconstruction.jl:50 [inlined]
  [8] macro expansion
    @ ./timing.jl:383 [inlined]
  [9] reconstruct(pb::CompressingSolvers.ReconstructionProblem, ρ::Float64, low_rank_accuracy::Int64, h::Float64, TreeType::Type{NearestNeighbors.BallTree})
    @ CompressingSolvers ~/.julia/packages/CompressingSolvers/F8aZj/src/reconstruction.jl:49
 [10] reconstruct(pb::CompressingSolvers.ReconstructionProblem, ρ::Float64)
    @ CompressingSolvers ~/.julia/packages/CompressingSolvers/F8aZj/src/reconstruction.jl:30
 [11] top-level scope
    @ ~/Research/compressing_solvers_code/src/vary_rho_fractional_poisson.jl:74
in expression starting at /storage/home/hcoda1/0/fschaefer7/Research/compressing_solvers_code/src/vary_rho_fractional_poisson.jl:68
n = 100
d = 3
s = 0.5
Running a test run in order to precompile
Computing domain hierarchy.
 62.963135 seconds (71.12 M allocations: 3.608 GiB, 3.88% gc time, 6.91% compilation time)
Computing basis functions.
 28.084527 seconds (51.65 M allocations: 10.748 GiB, 12.90% gc time, 6.80% compilation time)
Computing multicolor ordering.
3451.545443 seconds (9.75 G allocations: 312.627 GiB, 1.66% gc time, 0.01% compilation time)
Measurements
Number of measurements used is 2656
Reconstruction.
18146.843503 seconds (5.31 G allocations: 412.347 GiB, 16.92% gc time, 0.01% compilation time)
8435.545175 seconds (16.70 M allocations: 63.516 GiB, 0.29% gc time, 0.00% compilation time)
nrm = sum(mapslices(norm, x' * (A * x), dims = 1)) / number_trials = 0.5000000000004173
Beginning run with rho=3.0
ρ = 3.0
Computing domain hierarchy.
 57.939106 seconds (61.54 M allocations: 3.106 GiB, 3.13% gc time)
Computing basis functions.
 26.804233 seconds (48.08 M allocations: 10.524 GiB, 12.79% gc time)
Computing multicolor ordering.
3462.093275 seconds (9.75 G allocations: 312.593 GiB, 1.73% gc time)
Measurements
Number of measurements used is 2656
Reconstruction.
18202.798300 seconds (5.31 G allocations: 421.358 GiB, 17.18% gc time)
8441.488867 seconds (16.24 M allocations: 63.566 GiB, 0.28% gc time)
nrm = sum(mapslices(norm, x' * (A * x), dims = 1)) / number_trials = 0.5000000000004173
Beginning run with rho=4.0
ρ = 4.0
Computing domain hierarchy.
 62.603292 seconds (61.54 M allocations: 3.105 GiB, 10.71% gc time)
Computing basis functions.
 53.478496 seconds (48.08 M allocations: 10.482 GiB, 57.57% gc time)
Computing multicolor ordering.
6354.150758 seconds (23.13 G allocations: 740.366 GiB, 4.18% gc time)
Measurements
Number of measurements used is 5354
Reconstruction.
27684.285348 seconds (10.71 G allocations: 823.396 GiB, 20.72% gc time)
31493.685726 seconds (16.56 M allocations: 127.861 GiB, 0.10% gc time)
nrm = sum(mapslices(norm, x' * (A * x), dims = 1)) / number_trials = 0.5000000000004173
Beginning run with rho=5.0
ρ = 5.0
Computing domain hierarchy.
 62.725029 seconds (61.54 M allocations: 3.105 GiB, 10.84% gc time)
Computing basis functions.
 53.175515 seconds (48.08 M allocations: 10.482 GiB, 58.48% gc time)
Computing multicolor ordering.
10485.017862 seconds (45.13 G allocations: 1.453 TiB, 4.77% gc time)
Measurements
Number of measurements used is 9398
Reconstruction.
38707.066880 seconds (18.80 G allocations: 1.422 TiB, 26.19% gc time)
91120.678244 seconds (16.63 M allocations: 224.250 GiB, 0.06% gc time)
nrm = sum(mapslices(norm, x' * (A * x), dims = 1)) / number_trials = 0.5000000000004173
Beginning run with rho=6.0
ρ = 6.0
Computing domain hierarchy.
 62.699567 seconds (61.54 M allocations: 3.105 GiB, 10.69% gc time)
Computing basis functions.
 53.591896 seconds (48.08 M allocations: 10.482 GiB, 55.78% gc time)
Computing multicolor ordering.
15881.570856 seconds (77.91 G allocations: 2.393 TiB, 5.30% gc time)
Measurements
---------------------------------------
Begin PBS Epilogue Wed Oct 19 21:48:41 EDT 2022
Job ID:     5045856.sched-torque.pace.gatech.edu
User ID:    fschaefer7
Job name:   reconstructing_solvers_fractional_poisson
Resources:  nodes=1:ppn=24,pmem=31gb,walltime=96:00:00,neednodes=1:ppn=24
Rsrc Used:  cput=154:38:02,vmem=919258884kb,walltime=83:58:51,mem=747561052kb,energy_used=0
Queue:      inferno
Nodes:     
atl1-1-02-003-22-l.pace.gatech.edu
End PBS Epilogue Wed Oct 19 21:48:41 EDT 2022
---------------------------------------
